Started GET "/" for 219.160.29.148 at 2022-04-05 13:06:24 +0000
Cannot render console from 219.160.29.148! Allowed networks: 127.0.0.0/127.255.255.255, ::1
  [1m[35m (1.9ms)[0m  [1m[34mSELECT sqlite_version(*)[0m
  [1m[35m (5.4ms)[0m  [1m[35mCREATE TABLE "schema_migrations" ("version" varchar NOT NULL PRIMARY KEY)[0m
  [1m[35m (4.4ms)[0m  [1m[35mCREATE TABLE "ar_internal_metadata" ("key" varchar NOT NULL PRIMARY KEY, "value" varchar, "created_at" datetime(6) NOT NULL, "updated_at" datetime(6) NOT NULL)[0m
  [1m[35m (0.1ms)[0m  [1m[34mSELECT "schema_migrations"."version" FROM "schema_migrations" ORDER BY "schema_migrations"."version" ASC[0m
  
ActiveRecord::PendingMigrationError (

Migrations are pending. To resolve this issue, run:

        bin/rails db:migrate RAILS_ENV=development

You have 1 pending migration:

20220403142950_create_active_storage_tables.active_storage.rb


):
  
activerecord (6.1.5) lib/active_record/migration.rb:625:in `check_pending!'
activerecord (6.1.5) lib/active_record/migration.rb:590:in `block (2 levels) in call'
activesupport (6.1.5) lib/active_support/evented_file_update_checker.rb:59:in `execute'
activerecord (6.1.5) lib/active_record/migration.rb:595:in `block in call'
activerecord (6.1.5) lib/active_record/migration.rb:587:in `synchronize'
activerecord (6.1.5) lib/active_record/migration.rb:587:in `call'
actionpack (6.1.5) lib/action_dispatch/middleware/callbacks.rb:27:in `block in call'
activesupport (6.1.5) lib/active_support/callbacks.rb:98:in `run_callbacks'
actionpack (6.1.5) lib/action_dispatch/middleware/callbacks.rb:26:in `call'
actionpack (6.1.5) lib/action_dispatch/middleware/executor.rb:14:in `call'
actionpack (6.1.5) lib/action_dispatch/middleware/actionable_exceptions.rb:18:in `call'
actionpack (6.1.5) lib/action_dispatch/middleware/debug_exceptions.rb:29:in `call'
web-console (4.2.0) lib/web_console/middleware.rb:132:in `call_app'
web-console (4.2.0) lib/web_console/middleware.rb:19:in `block in call'
web-console (4.2.0) lib/web_console/middleware.rb:17:in `catch'
web-console (4.2.0) lib/web_console/middleware.rb:17:in `call'
actionpack (6.1.5) lib/action_dispatch/middleware/show_exceptions.rb:33:in `call'
railties (6.1.5) lib/rails/rack/logger.rb:37:in `call_app'
railties (6.1.5) lib/rails/rack/logger.rb:26:in `block in call'
activesupport (6.1.5) lib/active_support/tagged_logging.rb:99:in `block in tagged'
activesupport (6.1.5) lib/active_support/tagged_logging.rb:37:in `tagged'
activesupport (6.1.5) lib/active_support/tagged_logging.rb:99:in `tagged'
railties (6.1.5) lib/rails/rack/logger.rb:26:in `call'
sprockets-rails (3.4.2) lib/sprockets/rails/quiet_assets.rb:13:in `call'
actionpack (6.1.5) lib/action_dispatch/middleware/remote_ip.rb:81:in `call'
actionpack (6.1.5) lib/action_dispatch/middleware/request_id.rb:26:in `call'
rack (2.2.3) lib/rack/method_override.rb:24:in `call'
rack (2.2.3) lib/rack/runtime.rb:22:in `call'
activesupport (6.1.5) lib/active_support/cache/strategy/local_cache_middleware.rb:29:in `call'
actionpack (6.1.5) lib/action_dispatch/middleware/executor.rb:14:in `call'
actionpack (6.1.5) lib/action_dispatch/middleware/static.rb:24:in `call'
rack (2.2.3) lib/rack/sendfile.rb:110:in `call'
actionpack (6.1.5) lib/action_dispatch/middleware/host_authorization.rb:148:in `call'
rack-mini-profiler (2.3.4) lib/mini_profiler/profiler.rb:393:in `call'
webpacker (5.4.3) lib/webpacker/dev_server_proxy.rb:25:in `perform_request'
rack-proxy (0.7.2) lib/rack/proxy.rb:67:in `call'
railties (6.1.5) lib/rails/engine.rb:539:in `call'
puma (3.12.6) lib/puma/configuration.rb:227:in `call'
puma (3.12.6) lib/puma/server.rb:706:in `handle_request'
puma (3.12.6) lib/puma/server.rb:476:in `process_client'
puma (3.12.6) lib/puma/server.rb:334:in `block in run'
puma (3.12.6) lib/puma/thread_pool.rb:135:in `block in spawn_thread'
Started POST "/rails/actions" for 219.160.29.148 at 2022-04-05 13:06:27 +0000
Cannot render console from 219.160.29.148! Allowed networks: 127.0.0.0/127.255.255.255, ::1
  [1m[35m (0.1ms)[0m  [1m[34mSELECT "schema_migrations"."version" FROM "schema_migrations" ORDER BY "schema_migrations"."version" ASC[0m
Migrating to CreateActiveStorageTables (20220403142950)
  [1m[36mTRANSACTION (0.1ms)[0m  [1m[36mbegin transaction[0m
  [1m[35m (0.3ms)[0m  [1m[35mCREATE TABLE "active_storage_blobs" ("id" integer PRIMARY KEY AUTOINCREMENT NOT NULL, "key" varchar NOT NULL, "filename" varchar NOT NULL, "content_type" varchar, "metadata" text, "service_name" varchar NOT NULL, "byte_size" bigint NOT NULL, "checksum" varchar NOT NULL, "created_at" datetime NOT NULL)[0m
  [1m[35m (0.2ms)[0m  [1m[35mCREATE UNIQUE INDEX "index_active_storage_blobs_on_key" ON "active_storage_blobs" ("key")[0m
  [1m[35m (0.2ms)[0m  [1m[35mCREATE TABLE "active_storage_attachments" ("id" integer PRIMARY KEY AUTOINCREMENT NOT NULL, "name" varchar NOT NULL, "record_type" varchar NOT NULL, "record_id" integer NOT NULL, "blob_id" integer NOT NULL, "created_at" datetime NOT NULL, CONSTRAINT "fk_rails_c3b3935057"
FOREIGN KEY ("blob_id")
  REFERENCES "active_storage_blobs" ("id")
)[0m
  [1m[35m (0.1ms)[0m  [1m[35mCREATE INDEX "index_active_storage_attachments_on_blob_id" ON "active_storage_attachments" ("blob_id")[0m
  [1m[35m (0.1ms)[0m  [1m[35mCREATE UNIQUE INDEX "index_active_storage_attachments_uniqueness" ON "active_storage_attachments" ("record_type", "record_id", "name", "blob_id")[0m
  [1m[35m (0.2ms)[0m  [1m[35mCREATE TABLE "active_storage_variant_records" ("id" integer PRIMARY KEY AUTOINCREMENT NOT NULL, "blob_id" integer NOT NULL, "variation_digest" varchar NOT NULL, CONSTRAINT "fk_rails_993965df05"
FOREIGN KEY ("blob_id")
  REFERENCES "active_storage_blobs" ("id")
)[0m
  [1m[35m (0.1ms)[0m  [1m[35mCREATE UNIQUE INDEX "index_active_storage_variant_records_uniqueness" ON "active_storage_variant_records" ("blob_id", "variation_digest")[0m
  [1m[36mActiveRecord::SchemaMigration Create (0.1ms)[0m  [1m[32mINSERT INTO "schema_migrations" ("version") VALUES (?)[0m  [["version", "20220403142950"]]
  [1m[36mTRANSACTION (5.0ms)[0m  [1m[36mcommit transaction[0m
  [1m[36mActiveRecord::InternalMetadata Load (0.1ms)[0m  [1m[34mSELECT "ar_internal_metadata".* FROM "ar_internal_metadata" WHERE "ar_internal_metadata"."key" = ? LIMIT ?[0m  [["key", "environment"], ["LIMIT", 1]]
  [1m[36mTRANSACTION (0.0ms)[0m  [1m[36mbegin transaction[0m
  [1m[36mActiveRecord::InternalMetadata Create (0.2ms)[0m  [1m[32mINSERT INTO "ar_internal_metadata" ("key", "value", "created_at", "updated_at") VALUES (?, ?, ?, ?)[0m  [["key", "environment"], ["value", "development"], ["created_at", "2022-04-05 13:06:27.221135"], ["updated_at", "2022-04-05 13:06:27.221135"]]
  [1m[36mTRANSACTION (3.4ms)[0m  [1m[36mcommit transaction[0m
  [1m[35m (0.1ms)[0m  [1m[34mSELECT "schema_migrations"."version" FROM "schema_migrations" ORDER BY "schema_migrations"."version" ASC[0m
Started GET "/" for 219.160.29.148 at 2022-04-05 13:06:27 +0000
Cannot render console from 219.160.29.148! Allowed networks: 127.0.0.0/127.255.255.255, ::1
  [1m[35m (0.1ms)[0m  [1m[34mSELECT sqlite_version(*)[0m
  [1m[35m (0.1ms)[0m  [1m[34mSELECT "schema_migrations"."version" FROM "schema_migrations" ORDER BY "schema_migrations"."version" ASC[0m
Processing by Public::HomesController#top as HTML
  Rendering layout layouts/application.html.erb
  Rendering public/homes/top.html.erb within layouts/application
  Rendered public/homes/top.html.erb within layouts/application (Duration: 0.4ms | Allocations: 126)
[Webpacker] Compiling...
[Webpacker] Compilation failed:
yarn run v1.22.18
info Visit https://yarnpkg.com/en/docs/cli/run for documentation about this command.


warning ../../package.json: No license field
warning ../../package.json: No license field
error Command "webpack" not found.

  Rendered layout layouts/application.html.erb (Duration: 881.3ms | Allocations: 18431)
Completed 500 Internal Server Error in 911ms (ActiveRecord: 0.0ms | Allocations: 23903)


  
ActionView::Template::Error (Webpacker can't find application.js in /home/ec2-user/environment/portfolio_idea_share_home/public/packs/manifest.json. Possible causes:
1. You want to set webpacker.yml value of compile to true for your environment
   unless you are using the `webpack -w` or the webpack-dev-server.
2. webpack has not yet re-run to reflect updates.
3. You have misconfigured Webpacker's config/webpacker.yml file.
4. Your webpack configuration is not creating a manifest.
Your manifest contains:
{
}
):
     7:     <%= csp_meta_tag %>
     8: 
     9:     <%= stylesheet_link_tag 'application', media: 'all', 'data-turbolinks-track': 'reload' %>
    10:     <%= javascript_pack_tag 'application', 'data-turbolinks-track': 'reload' %>
    11:   </head>
    12: 
    13:   <body>
  
app/views/layouts/application.html.erb:10
Started GET "/" for 219.160.29.148 at 2022-04-05 13:08:05 +0000
Cannot render console from 219.160.29.148! Allowed networks: 127.0.0.0/127.255.255.255, ::1
  [1m[35m (2.6ms)[0m  [1m[34mSELECT sqlite_version(*)[0m
  [1m[35m (0.1ms)[0m  [1m[34mSELECT "schema_migrations"."version" FROM "schema_migrations" ORDER BY "schema_migrations"."version" ASC[0m
Processing by Public::HomesController#top as HTML
  Rendering layout layouts/application.html.erb
  Rendering public/homes/top.html.erb within layouts/application
  Rendered public/homes/top.html.erb within layouts/application (Duration: 1.8ms | Allocations: 238)
[Webpacker] Everything's up-to-date. Nothing to do
  Rendered layout layouts/application.html.erb (Duration: 22.4ms | Allocations: 5553)
Completed 200 OK in 44ms (Views: 26.6ms | ActiveRecord: 0.0ms | Allocations: 11065)


Started GET "/" for 61.125.221.91 at 2022-04-28 09:40:40 +0000
Cannot render console from 61.125.221.91! Allowed networks: 127.0.0.0/127.255.255.255, ::1
  [1m[35m (0.4ms)[0m  [1m[34mSELECT sqlite_version(*)[0m
  [1m[35m (0.1ms)[0m  [1m[34mSELECT "schema_migrations"."version" FROM "schema_migrations" ORDER BY "schema_migrations"."version" ASC[0m
Processing by Public::HomesController#top as HTML
  Rendering layout layouts/application.html.erb
  Rendering public/homes/top.html.erb within layouts/application
  Rendered public/homes/top.html.erb within layouts/application (Duration: 0.6ms | Allocations: 239)
[Webpacker] Compiling...
Started GET "/about" for 61.125.221.91 at 2022-04-28 09:40:42 +0000
Cannot render console from 61.125.221.91! Allowed networks: 127.0.0.0/127.255.255.255, ::1
Processing by Public::HomesController#about as HTML
  Rendering layout layouts/application.html.erb
  Rendering public/homes/about.html.erb within layouts/application
  Rendered public/homes/about.html.erb within layouts/application (Duration: 0.3ms | Allocations: 106)
[Webpacker] Compiling...
[Webpacker] Compiled all packs in /home/ec2-user/environment/hirameki_share/public/packs
[Webpacker] warning ../../package.json: No license field

[Webpacker] Hash: 2034dd941d5476d8645c
Version: webpack 4.46.0
Time: 2242ms
Built at: 04/28/2022 9:40:45 AM
                                     Asset       Size       Chunks                         Chunk Names
    js/application-3dd0dc24d9c39bc09227.js    125 KiB  application  [emitted] [immutable]  application
js/application-3dd0dc24d9c39bc09227.js.map    139 KiB  application  [emitted] [dev]        application
                             manifest.json  364 bytes               [emitted]              
Entrypoint application = js/application-3dd0dc24d9c39bc09227.js js/application-3dd0dc24d9c39bc09227.js.map
[./app/javascript/channels sync recursive _channel\.js$] ./app/javascript/channels sync _channel\.js$ 160 bytes {application} [built]
[./app/javascript/channels/index.js] 211 bytes {application} [built]
[./app/javascript/packs/application.js] 492 bytes {application} [built]
[./node_modules/webpack/buildin/module.js] (webpack)/buildin/module.js 552 bytes {application} [built]
    + 3 hidden modules

  Rendered layout layouts/application.html.erb (Duration: 6185.7ms | Allocations: 31261)
Completed 200 OK in 6200ms (Views: 6188.6ms | ActiveRecord: 0.0ms | Allocations: 34143)


[Webpacker] Compiled all packs in /home/ec2-user/environment/hirameki_share/public/packs
[Webpacker] warning ../../package.json: No license field

[Webpacker] Hash: 2034dd941d5476d8645c
Version: webpack 4.46.0
Time: 1573ms
Built at: 04/28/2022 9:40:46 AM
                                     Asset       Size       Chunks                         Chunk Names
    js/application-3dd0dc24d9c39bc09227.js    125 KiB  application  [emitted] [immutable]  application
js/application-3dd0dc24d9c39bc09227.js.map    139 KiB  application  [emitted] [dev]        application
                             manifest.json  364 bytes               [emitted]              
Entrypoint application = js/application-3dd0dc24d9c39bc09227.js js/application-3dd0dc24d9c39bc09227.js.map
[./app/javascript/channels sync recursive _channel\.js$] ./app/javascript/channels sync _channel\.js$ 160 bytes {application} [built]
[./app/javascript/channels/index.js] 211 bytes {application} [built]
[./app/javascript/packs/application.js] 492 bytes {application} [built]
[./node_modules/webpack/buildin/module.js] (webpack)/buildin/module.js 552 bytes {application} [built]
    + 3 hidden modules

  Rendered layout layouts/application.html.erb (Duration: 4188.6ms | Allocations: 10508)
Completed 200 OK in 4191ms (Views: 4190.0ms | ActiveRecord: 0.0ms | Allocations: 11034)


